<?xml version="1.0" encoding="UTF-8"?>
<!-- Generated by org.testng.reporters.JUnitXMLReporter -->
<testsuite hostname="AnkitSaxena" ignored="0" name="Default test" tests="9" failures="0" timestamp="03 Oct 2020 10:27:35 GMT" time="0.141" errors="0">
  <testcase name="beforeexecution" time="0.01" classname="testng.cardetails"/>
  <testcase name="carcolorofcar" time="0.004" classname="testng.cardetails"/>
  <testcase name="carlenghtofcar" time="0.005" classname="testng.cardetails"/>
  <testcase name="executeafter" time="0.004" classname="testng.cardetails"/>
  <testcase name="nameofcar" time="0.003" classname="testng.cardetails"/>
  <testcase name="onerfcar" time="0.003" classname="testng.cardetails"/>
  <testcase name="testdtaaprovider" time="0.004" classname="testng.cardetails"/>
  <testcase name="testdtaaprovider" time="0.004" classname="testng.cardetails"/>
  <testcase name="testdtaaprovider" time="0.003" classname="testng.cardetails"/>
</testsuite> <!-- Default test -->
