<?xml version="1.0" encoding="UTF-8"?>
<!-- Generated by org.testng.reporters.JUnitXMLReporter -->
<testsuite hostname="AnkitSaxena" ignored="4" name="cardeal" tests="2" failures="0" timestamp="02 Oct 2020 06:02:51 GMT" time="0.065" errors="0">
  <testcase name="nameofcar" time="0.032" classname="testng.cardetails"/>
  <testcase name="demo" time="0.0" classname="testng.testfirstclass"/>
  <testcase name="colorofcar" time="0.0" classname="testng.cardetails">
    <ignored/>
  </testcase> <!-- colorofcar -->
  <testcase name="lenghtofcar" time="0.0" classname="testng.cardetails">
    <ignored/>
  </testcase> <!-- lenghtofcar -->
  <testcase name="onerfcar" time="0.0" classname="testng.cardetails">
    <ignored/>
  </testcase> <!-- onerfcar -->
  <testcase name="testsecond" time="0.0" classname="testng.testfirstclass">
    <ignored/>
  </testcase> <!-- testsecond -->
</testsuite> <!-- cardeal -->
