<?xml version="1.0" encoding="UTF-8"?>
<!-- Generated by org.testng.reporters.JUnitXMLReporter -->
<testsuite hostname="AnkitSaxena" ignored="0" name="nordic" tests="3" failures="0" timestamp="03 Oct 2020 17:24:48 GMT" time="0.074" errors="0">
  <testcase name="carcolorofcar" time="0.015" classname="testng.testfirstclass"/>
  <testcase name="demo" time="0.0" classname="testng.testfirstclass"/>
  <testcase name="testsecond" time="0.0" classname="testng.testfirstclass"/>
</testsuite> <!-- nordic -->
