<?xml version="1.0" encoding="UTF-8"?>
<!-- Generated by org.testng.reporters.JUnitXMLReporter -->
<testsuite hostname="AnkitSaxena" ignored="0" name="SECONDTEST" tests="9" failures="1" timestamp="03 Oct 2020 17:24:48 GMT" time="0.146" errors="0">
  <testcase name="beforeexecution" time="0.0" classname="testng.cardetails"/>
  <testcase name="carcolorofcar" time="0.021" classname="testng.cardetails">
    <failure type="java.lang.AssertionError" message="expected [true] but found [false]">
      <![CDATA[java.lang.AssertionError: expected [true] but found [false]
at testng.cardetails.carcolorofcar(cardetails.java:38)
... Removed 29 stack frames]]>
    </failure>
  </testcase> <!-- carcolorofcar -->
  <testcase name="carlenghtofcar" time="0.016" classname="testng.cardetails"/>
  <testcase name="executeafter" time="0.0" classname="testng.cardetails"/>
  <testcase name="nameofcar" time="0.0" classname="testng.cardetails"/>
  <testcase name="onerfcar" time="0.0" classname="testng.cardetails"/>
  <testcase name="testdtaaprovider" time="0.016" classname="testng.cardetails"/>
  <testcase name="testdtaaprovider" time="0.015" classname="testng.cardetails"/>
  <testcase name="testdtaaprovider" time="0.0" classname="testng.cardetails"/>
</testsuite> <!-- SECONDTEST -->
