<?xml version="1.0" encoding="UTF-8"?>
<!-- Generated by org.testng.reporters.JUnitXMLReporter -->
<testsuite hostname="AnkitSaxena" ignored="1" name="Testcardetail" tests="3" failures="0" timestamp="30 Sep 2020 17:12:25 GMT" time="0.047" errors="0">
  <testcase name="colorofcar" time="0.0" classname="testng.cardetails"/>
  <testcase name="nameofcar" time="0.016" classname="testng.cardetails"/>
  <testcase name="onerfcar" time="0.015" classname="testng.cardetails"/>
  <testcase name="lenghtofcar" time="0.0" classname="testng.cardetails">
    <ignored/>
  </testcase> <!-- lenghtofcar -->
</testsuite> <!-- Testcardetail -->
