<?xml version="1.0" encoding="UTF-8"?>
<!-- Generated by org.testng.reporters.JUnitXMLReporter -->
<testsuite hostname="AnkitSaxena" ignored="3" name="Test" tests="1" failures="0" timestamp="02 Oct 2020 05:57:16 GMT" time="0.08" errors="0">
  <testcase name="nameofcar" time="0.031" classname="testng.cardetails"/>
  <testcase name="colorofcar" time="0.0" classname="testng.cardetails">
    <ignored/>
  </testcase> <!-- colorofcar -->
  <testcase name="lenghtofcar" time="0.0" classname="testng.cardetails">
    <ignored/>
  </testcase> <!-- lenghtofcar -->
  <testcase name="onerfcar" time="0.0" classname="testng.cardetails">
    <ignored/>
  </testcase> <!-- onerfcar -->
</testsuite> <!-- Test -->
